#
# There is insufficient memory for the Java Runtime Environment to continue.
# Native memory allocation (malloc) failed to allocate 1832656 bytes for Chunk::new
# Possible reasons:
#   The system is out of physical RAM or swap space
#   The process is running with CompressedOops enabled, and the Java Heap may be blocking the growth of the native heap
# Possible solutions:
#   Reduce memory load on the system
#   Increase physical memory or swap space
#   Check if swap backing store is full
#   Decrease Java heap size (-Xmx/-Xms)
#   Decrease number of Java threads
#   Decrease Java thread stack sizes (-Xss)
#   Set larger code cache with -XX:ReservedCodeCacheSize=
#   JVM is running with Unscaled Compressed Oops mode in which the Java heap is
#     placed in the first 4GB address space. The Java Heap base address is the
#     maximum limit for the native heap growth. Please use -XX:HeapBaseMinAddress
#     to set the Java Heap base and to place the Java Heap above 4GB virtual address.
# This output file may be truncated or incomplete.
#
#  Out of Memory Error (./src/hotspot/share/memory/arena.cpp:197), pid=14792, tid=7648
#
# JRE version: OpenJDK Runtime Environment (11.0.13) (build 11.0.13+0-b1751.21-8125866)
# Java VM: OpenJDK 64-Bit Server VM (11.0.13+0-b1751.21-8125866, mixed mode, tiered, compressed oops, g1 gc, windows-amd64)
# No core dump will be written. Minidumps are not enabled by default on client versions of Windows
#

---------------  S U M M A R Y ------------

Command Line: --add-opens=java.base/java.util=ALL-UNNAMED --add-opens=java.base/java.lang=ALL-UNNAMED --add-opens=java.base/java.lang.invoke=ALL-UNNAMED --add-opens=java.base/java.util=ALL-UNNAMED --add-opens=java.prefs/java.util.prefs=ALL-UNNAMED --add-opens=java.prefs/java.util.prefs=ALL-UNNAMED --add-opens=java.base/java.nio.charset=ALL-UNNAMED --add-opens=java.base/java.net=ALL-UNNAMED --add-opens=java.base/java.util.concurrent.atomic=ALL-UNNAMED -Xmx2048m -Dfile.encoding=UTF-8 -Duser.country=PE -Duser.language=es -Duser.variant org.gradle.launcher.daemon.bootstrap.GradleDaemon 7.4

Host: AMD Ryzen 5 5600G with Radeon Graphics         , 12 cores, 15G,  Windows 11 , 64 bit Build 22621 (10.0.22621.755)
Time: Fri Dec  9 10:51:48 2022 Hora est. Pacífico, Sudamérica elapsed time: 2.375744 seconds (0d 0h 0m 2s)

---------------  T H R E A D  ---------------

Current thread (0x0000025ca685b800):  JavaThread "C2 CompilerThread1" daemon [_thread_in_native, id=7648, stack(0x0000007966400000,0x0000007966500000)]


Current CompileTask:
C2:   2375 3137   !   4       java.net.URLClassLoader$1::run (81 bytes)

Stack: [0x0000007966400000,0x0000007966500000]
Native frames: (J=compiled Java code, j=interpreted, Vv=VM code, C=native code)
V  [jvm.dll+0x6100fa]
V  [jvm.dll+0x747090]
V  [jvm.dll+0x7486ad]
V  [jvm.dll+0x748d83]
V  [jvm.dll+0x24ab48]
V  [jvm.dll+0xc04dc]
V  [jvm.dll+0xc0a0c]
V  [jvm.dll+0x35eb5b]
V  [jvm.dll+0x32b833]
V  [jvm.dll+0x32ad2a]
V  [jvm.dll+0x2032b2]
V  [jvm.dll+0x202437]
V  [jvm.dll+0x188e01]
V  [jvm.dll+0x21106b]
V  [jvm.dll+0x20f8c1]
V  [jvm.dll+0x70de0f]
V  [jvm.dll+0x706a75]
V  [jvm.dll+0x60ed66]
C  [ucrtbase.dll+0x29363]
C  [KERNEL32.DLL+0x1244d]
C  [ntdll.dll+0x5dfb8]


---------------  P R O C E S S  ---------------

Threads class SMR info:
_java_thread_list=0x0000025caa2d8c60, length=34, elements={
0x0000025c8b449800, 0x0000025ca658a000, 0x0000025ca6596800, 0x0000025ca65ec800,
0x0000025ca65ed800, 0x0000025ca65ee800, 0x0000025ca65f5800, 0x0000025ca65fe800,
0x0000025ca6602000, 0x0000025ca6761000, 0x0000025ca685b800, 0x0000025ca6ed6000,
0x0000025ca8b95800, 0x0000025ca91d3800, 0x0000025ca861b000, 0x0000025ca79a0800,
0x0000025ca8d18800, 0x0000025ca8052000, 0x0000025ca9948000, 0x0000025ca790a000,
0x0000025ca8cf7800, 0x0000025ca931b000, 0x0000025ca931c800, 0x0000025ca931d000,
0x0000025ca931a000, 0x0000025ca931b800, 0x0000025ca931e000, 0x0000025ca931f000,
0x0000025ca9320800, 0x0000025ca931f800, 0x0000025ca996d800, 0x0000025ca996e000,
0x0000025ca996f000, 0x0000025ca996a000
}

Java Threads: ( => current thread )
  0x0000025c8b449800 JavaThread "main" [_thread_blocked, id=7932, stack(0x0000007965300000,0x0000007965400000)]
  0x0000025ca658a000 JavaThread "Reference Handler" daemon [_thread_blocked, id=12048, stack(0x0000007965a00000,0x0000007965b00000)]
  0x0000025ca6596800 JavaThread "Finalizer" daemon [_thread_blocked, id=13492, stack(0x0000007965b00000,0x0000007965c00000)]
  0x0000025ca65ec800 JavaThread "Signal Dispatcher" daemon [_thread_blocked, id=11024, stack(0x0000007965c00000,0x0000007965d00000)]
  0x0000025ca65ed800 JavaThread "Attach Listener" daemon [_thread_blocked, id=6696, stack(0x0000007965d00000,0x0000007965e00000)]
  0x0000025ca65ee800 JavaThread "Service Thread" daemon [_thread_blocked, id=6768, stack(0x0000007965e00000,0x0000007965f00000)]
  0x0000025ca65f5800 JavaThread "C2 CompilerThread0" daemon [_thread_in_native, id=14088, stack(0x0000007965f00000,0x0000007966000000)]
  0x0000025ca65fe800 JavaThread "C1 CompilerThread0" daemon [_thread_blocked, id=11400, stack(0x0000007966000000,0x0000007966100000)]
  0x0000025ca6602000 JavaThread "Sweeper thread" daemon [_thread_blocked, id=5620, stack(0x0000007966100000,0x0000007966200000)]
  0x0000025ca6761000 JavaThread "Common-Cleaner" daemon [_thread_blocked, id=8584, stack(0x0000007966200000,0x0000007966300000)]
=>0x0000025ca685b800 JavaThread "C2 CompilerThread1" daemon [_thread_in_native, id=7648, stack(0x0000007966400000,0x0000007966500000)]
  0x0000025ca6ed6000 JavaThread "C2 CompilerThread2" daemon [_thread_in_native, id=12244, stack(0x0000007966500000,0x0000007966600000)]
  0x0000025ca8b95800 JavaThread "Daemon health stats" [_thread_blocked, id=11020, stack(0x0000007966a00000,0x0000007966b00000)]
  0x0000025ca91d3800 JavaThread "Incoming local TCP Connector on port 50931" [_thread_in_native, id=11080, stack(0x0000007966b00000,0x0000007966c00000)]
  0x0000025ca861b000 JavaThread "Daemon periodic checks" [_thread_blocked, id=5056, stack(0x0000007966c00000,0x0000007966d00000)]
  0x0000025ca79a0800 JavaThread "Daemon" [_thread_blocked, id=8096, stack(0x0000007966d00000,0x0000007966e00000)]
  0x0000025ca8d18800 JavaThread "Handler for socket connection from /127.0.0.1:50931 to /127.0.0.1:50932" [_thread_in_native, id=15128, stack(0x0000007966e00000,0x0000007966f00000)]
  0x0000025ca8052000 JavaThread "Cancel handler" [_thread_blocked, id=5216, stack(0x0000007966f00000,0x0000007967000000)]
  0x0000025ca9948000 JavaThread "Daemon worker" [_thread_in_vm, id=14868, stack(0x0000007967000000,0x0000007967100000)]
  0x0000025ca790a000 JavaThread "Asynchronous log dispatcher for DefaultDaemonConnection: socket connection from /127.0.0.1:50931 to /127.0.0.1:50932" [_thread_blocked, id=5940, stack(0x0000007967100000,0x0000007967200000)]
  0x0000025ca8cf7800 JavaThread "Stdin handler" [_thread_blocked, id=11700, stack(0x0000007967200000,0x0000007967300000)]
  0x0000025ca931b000 JavaThread "Daemon client event forwarder" [_thread_blocked, id=1684, stack(0x0000007967300000,0x0000007967400000)]
  0x0000025ca931c800 JavaThread "Cache worker for journal cache (C:\Users\danny\.gradle\caches\journal-1)" [_thread_blocked, id=10824, stack(0x0000007967400000,0x0000007967500000)]
  0x0000025ca931d000 JavaThread "File lock request listener" [_thread_in_native, id=11192, stack(0x0000007967500000,0x0000007967600000)]
  0x0000025ca931a000 JavaThread "Cache worker for file hash cache (C:\Users\danny\.gradle\caches\7.4\fileHashes)" [_thread_blocked, id=2552, stack(0x0000007967600000,0x0000007967700000)]
  0x0000025ca931b800 JavaThread "File watcher server" daemon [_thread_in_native, id=13440, stack(0x0000007967e00000,0x0000007967f00000)]
  0x0000025ca931e000 JavaThread "File watcher consumer" daemon [_thread_blocked, id=15152, stack(0x0000007967f00000,0x0000007968000000)]
  0x0000025ca931f000 JavaThread "Cache worker for checksums cache (C:\Users\danny\AndroidStudioProjects\RemovalsSystem2\.gradle\7.4\checksums)" [_thread_blocked, id=2360, stack(0x0000007968000000,0x0000007968100000)]
  0x0000025ca9320800 JavaThread "Cache worker for cache directory md-rule (C:\Users\danny\.gradle\caches\7.4\md-rule)" [_thread_blocked, id=11112, stack(0x0000007968100000,0x0000007968200000)]
  0x0000025ca931f800 JavaThread "Cache worker for file hash cache (C:\Users\danny\AndroidStudioProjects\RemovalsSystem2\.gradle\7.4\fileHashes)" [_thread_blocked, id=12816, stack(0x0000007968200000,0x0000007968300000)]
  0x0000025ca996d800 JavaThread "Cache worker for cache directory md-supplier (C:\Users\danny\.gradle\caches\7.4\md-supplier)" [_thread_blocked, id=12800, stack(0x0000007968300000,0x0000007968400000)]
  0x0000025ca996e000 JavaThread "Cache worker for execution history cache (C:\Users\danny\.gradle\caches\7.4\executionHistory)" [_thread_blocked, id=2840, stack(0x0000007968400000,0x0000007968500000)]
  0x0000025ca996f000 JavaThread "jar transforms" [_thread_blocked, id=6780, stack(0x0000007968500000,0x0000007968600000)]
  0x0000025ca996a000 JavaThread "Cache worker for file content cache (C:\Users\danny\.gradle\caches\7.4\fileContent)" [_thread_blocked, id=14204, stack(0x0000007968600000,0x0000007968700000)]

Other Threads:
  0x0000025ca6587800 VMThread "VM Thread" [stack: 0x0000007965900000,0x0000007965a00000] [id=11468]
  0x0000025ca6796800 WatcherThread [stack: 0x0000007966300000,0x0000007966400000] [id=7764]
  0x0000025c8b462000 GCTaskThread "GC Thread#0" [stack: 0x0000007965400000,0x0000007965500000] [id=11136]
  0x0000025ca7668000 GCTaskThread "GC Thread#1" [stack: 0x0000007966600000,0x0000007966700000] [id=11828]
  0x0000025ca79d0800 GCTaskThread "GC Thread#2" [stack: 0x0000007966700000,0x0000007966800000] [id=6368]
  0x0000025ca76e2800 GCTaskThread "GC Thread#3" [stack: 0x0000007966800000,0x0000007966900000] [id=11980]
  0x0000025ca6fd7000 GCTaskThread "GC Thread#4" [stack: 0x0000007966900000,0x0000007966a00000] [id=7132]
  0x0000025ca9319000 GCTaskThread "GC Thread#5" [stack: 0x0000007967700000,0x0000007967800000] [id=9692]
  0x0000025ca6d2e000 GCTaskThread "GC Thread#6" [stack: 0x0000007967800000,0x0000007967900000] [id=12132]
  0x0000025ca6ca7000 GCTaskThread "GC Thread#7" [stack: 0x0000007967900000,0x0000007967a00000] [id=11684]
  0x0000025ca7c63000 GCTaskThread "GC Thread#8" [stack: 0x0000007967a00000,0x0000007967b00000] [id=9636]
  0x0000025ca9b82800 GCTaskThread "GC Thread#9" [stack: 0x0000007967b00000,0x0000007967c00000] [id=13800]
  0x0000025c8b495800 ConcurrentGCThread "G1 Main Marker" [stack: 0x0000007965500000,0x0000007965600000] [id=11748]
  0x0000025c8b497800 ConcurrentGCThread "G1 Conc#0" [stack: 0x0000007965600000,0x0000007965700000] [id=12424]
  0x0000025ca8c9b000 ConcurrentGCThread "G1 Conc#1" [stack: 0x0000007967c00000,0x0000007967d00000] [id=14116]
  0x0000025ca70da000 ConcurrentGCThread "G1 Conc#2" [stack: 0x0000007967d00000,0x0000007967e00000] [id=13624]
  0x0000025ca5bd0000 ConcurrentGCThread "G1 Refine#0" [stack: 0x0000007965700000,0x0000007965800000] [id=11740]
  0x0000025ca5bd3000 ConcurrentGCThread "G1 Young RemSet Sampling" [stack: 0x0000007965800000,0x0000007965900000] [id=2380]

Threads with active compile tasks:
C2 CompilerThread0   2386 3285       4       jdk.internal.org.objectweb.asm.Type::getArgumentsAndReturnSizes (151 bytes)
C2 CompilerThread1   2386 3137   !   4       java.net.URLClassLoader$1::run (81 bytes)
C2 CompilerThread2   2386 3136       4       java.net.URLClassLoader$1::run (5 bytes)

VM state:not at safepoint (normal execution)

VM Mutex/Monitor currently owned by a thread: None

OutOfMemory and StackOverflow Exception counts:
OutOfMemoryError java_heap_errors=2
LinkageErrors=54

Heap address: 0x0000000080000000, size: 2048 MB, Compressed Oops mode: 32-bit
Narrow klass base: 0x0000000000000000, Narrow klass shift: 3
Compressed class space size: 1073741824 Address: 0x0000000100000000

Heap:
 garbage-first heap   total 251904K, used 65417K [0x0000000080000000, 0x0000000100000000)
  region size 1024K, 46 young (47104K), 6 survivors (6144K)
 Metaspace       used 38356K, capacity 39270K, committed 39504K, reserved 1083392K
  class space    used 4901K, capacity 5232K, committed 5248K, reserved 1048576K
Heap Regions: E=young(eden), S=young(survivor), O=old, HS=humongous(starts), HC=humongous(continues), CS=collection set, F=free, A=archive, TAMS=top-at-mark-start (previous, next)
|   0|0x0000000080000000, 0x0000000080100000, 0x0000000080100000|100%| O|  |TAMS 0x0000000080100000, 0x0000000080000000| Untracked 
|   1|0x0000000080100000, 0x0000000080200000, 0x0000000080200000|100%| O|  |TAMS 0x0000000080200000, 0x0000000080100000| Untracked 
|   2|0x0000000080200000, 0x0000000080300000, 0x0000000080300000|100%| O|  |TAMS 0x0000000080300000, 0x0000000080200000| Untracked 
|   3|0x0000000080300000, 0x0000000080400000, 0x0000000080400000|100%|HS|  |TAMS 0x0000000080400000, 0x0000000080300000| Complete 
|   4|0x0000000080400000, 0x0000000080500000, 0x0000000080500000|100%|HC|  |TAMS 0x0000000080500000, 0x0000000080400000| Complete 
|   5|0x0000000080500000, 0x0000000080600000, 0x0000000080600000|100%|HC|  |TAMS 0x0000000080600000, 0x0000000080500000| Complete 
|   6|0x0000000080600000, 0x0000000080700000, 0x0000000080700000|100%| O|  |TAMS 0x0000000080700000, 0x0000000080600000| Untracked 
|   7|0x0000000080700000, 0x0000000080800000, 0x0000000080800000|100%| O|  |TAMS 0x0000000080800000, 0x0000000080700000| Untracked 
|   8|0x0000000080800000, 0x0000000080900000, 0x0000000080900000|100%| O|  |TAMS 0x0000000080900000, 0x0000000080800000| Untracked 
|   9|0x0000000080900000, 0x0000000080a00000, 0x0000000080a00000|100%| O|  |TAMS 0x0000000080a00000, 0x0000000080900000| Untracked 
|  10|0x0000000080a00000, 0x0000000080b00000, 0x0000000080b00000|100%| O|  |TAMS 0x0000000080b00000, 0x0000000080a00000| Untracked 
|  11|0x0000000080b00000, 0x0000000080c00000, 0x0000000080c00000|100%| O|  |TAMS 0x0000000080c00000, 0x0000000080b00000| Untracked 
|  12|0x0000000080c00000, 0x0000000080d00000, 0x0000000080d00000|100%| O|  |TAMS 0x0000000080d00000, 0x0000000080c00000| Untracked 
|  13|0x0000000080d00000, 0x0000000080e00000, 0x0000000080e00000|100%| O|  |TAMS 0x0000000080e00000, 0x0000000080d00000| Untracked 
|  14|0x0000000080e00000, 0x0000000080f00000, 0x0000000080f00000|100%| O|  |TAMS 0x0000000080f00000, 0x0000000080e00000| Untracked 
|  15|0x0000000080f00000, 0x0000000081000000, 0x0000000081000000|100%| O|  |TAMS 0x0000000081000000, 0x0000000080f00000| Untracked 
|  16|0x0000000081000000, 0x0000000081040a00, 0x0000000081100000| 25%| O|  |TAMS 0x0000000081040a00, 0x0000000081000000| Untracked 
|  17|0x0000000081100000, 0x0000000081200000, 0x0000000081200000|100%|HS|  |TAMS 0x0000000081100000, 0x0000000081100000| Complete 
|  18|0x0000000081200000, 0x0000000081300000, 0x0000000081300000|100%|HS|  |TAMS 0x0000000081200000, 0x0000000081200000| Complete 
|  19|0x0000000081300000, 0x0000000081400000, 0x0000000081400000|100%|HC|  |TAMS 0x0000000081300000, 0x0000000081300000| Complete 
|  20|0x0000000081400000, 0x0000000081400000, 0x0000000081500000|  0%| F|  |TAMS 0x0000000081400000, 0x0000000081400000| Untracked 
|  21|0x0000000081500000, 0x0000000081500000, 0x0000000081600000|  0%| F|  |TAMS 0x0000000081500000, 0x0000000081500000| Untracked 
|  22|0x0000000081600000, 0x0000000081600000, 0x0000000081700000|  0%| F|  |TAMS 0x0000000081600000, 0x0000000081600000| Untracked 
|  23|0x0000000081700000, 0x0000000081700000, 0x0000000081800000|  0%| F|  |TAMS 0x0000000081700000, 0x0000000081700000| Untracked 
|  24|0x0000000081800000, 0x0000000081800000, 0x0000000081900000|  0%| F|  |TAMS 0x0000000081800000, 0x0000000081800000| Untracked 
|  25|0x0000000081900000, 0x0000000081900000, 0x0000000081a00000|  0%| F|  |TAMS 0x0000000081900000, 0x0000000081900000| Untracked 
|  26|0x0000000081a00000, 0x0000000081a00000, 0x0000000081b00000|  0%| F|  |TAMS 0x0000000081a00000, 0x0000000081a00000| Untracked 
|  27|0x0000000081b00000, 0x0000000081b00000, 0x0000000081c00000|  0%| F|  |TAMS 0x0000000081b00000, 0x0000000081b00000| Untracked 
|  28|0x0000000081c00000, 0x0000000081c00000, 0x0000000081d00000|  0%| F|  |TAMS 0x0000000081c00000, 0x0000000081c00000| Untracked 
|  29|0x0000000081d00000, 0x0000000081d00000, 0x0000000081e00000|  0%| F|  |TAMS 0x0000000081d00000, 0x0000000081d00000| Untracked 
|  30|0x0000000081e00000, 0x0000000081e00000, 0x0000000081f00000|  0%| F|  |TAMS 0x0000000081e00000, 0x0000000081e00000| Untracked 
|  31|0x0000000081f00000, 0x0000000081f00000, 0x0000000082000000|  0%| F|  |TAMS 0x0000000081f00000, 0x0000000081f00000| Untracked 
|  32|0x0000000082000000, 0x0000000082000000, 0x0000000082100000|  0%| F|  |TAMS 0x0000000082000000, 0x0000000082000000| Untracked 
|  33|0x0000000082100000, 0x0000000082100000, 0x0000000082200000|  0%| F|  |TAMS 0x0000000082100000, 0x0000000082100000| Untracked 
|  34|0x0000000082200000, 0x0000000082200000, 0x0000000082300000|  0%| F|  |TAMS 0x0000000082200000, 0x0000000082200000| Untracked 
|  35|0x0000000082300000, 0x0000000082300000, 0x0000000082400000|  0%| F|  |TAMS 0x0000000082300000, 0x0000000082300000| Untracked 
|  36|0x0000000082400000, 0x0000000082400000, 0x0000000082500000|  0%| F|  |TAMS 0x0000000082400000, 0x0000000082400000| Untracked 
|  37|0x0000000082500000, 0x0000000082500000, 0x0000000082600000|  0%| F|  |TAMS 0x0000000082500000, 0x0000000082500000| Untracked 
|  38|0x0000000082600000, 0x0000000082600000, 0x0000000082700000|  0%| F|  |TAMS 0x0000000082600000, 0x0000000082600000| Untracked 
|  39|0x0000000082700000, 0x0000000082700000, 0x0000000082800000|  0%| F|  |TAMS 0x0000000082700000, 0x0000000082700000| Untracked 
|  40|0x0000000082800000, 0x0000000082800000, 0x0000000082900000|  0%| F|  |TAMS 0x0000000082800000, 0x0000000082800000| Untracked 
|  41|0x0000000082900000, 0x0000000082900000, 0x0000000082a00000|  0%| F|  |TAMS 0x0000000082900000, 0x0000000082900000| Untracked 
|  42|0x0000000082a00000, 0x0000000082a00000, 0x0000000082b00000|  0%| F|  |TAMS 0x0000000082a00000, 0x0000000082a00000| Untracked 
|  43|0x0000000082b00000, 0x0000000082b00000, 0x0000000082c00000|  0%| F|  |TAMS 0x0000000082b00000, 0x0000000082b00000| Untracked 
|  44|0x0000000082c00000, 0x0000000082c00000, 0x0000000082d00000|  0%| F|  |TAMS 0x0000000082c00000, 0x0000000082c00000| Untracked 
|  45|0x0000000082d00000, 0x0000000082d00000, 0x0000000082e00000|  0%| F|  |TAMS 0x0000000082d00000, 0x0000000082d00000| Untracked 
|  46|0x0000000082e00000, 0x0000000082e00000, 0x0000000082f00000|  0%| F|  |TAMS 0x0000000082e00000, 0x0000000082e00000| Untracked 
|  47|0x0000000082f00000, 0x0000000082f00000, 0x0000000083000000|  0%| F|  |TAMS 0x0000000082f00000, 0x0000000082f00000| Untracked 
|  48|0x0000000083000000, 0x0000000083000000, 0x0000000083100000|  0%| F|  |TAMS 0x0000000083000000, 0x0000000083000000| Untracked 
|  49|0x0000000083100000, 0x0000000083100000, 0x0000000083200000|  0%| F|  |TAMS 0x0000000083100000, 0x0000000083100000| Untracked 
|  50|0x0000000083200000, 0x0000000083200000, 0x0000000083300000|  0%| F|  |TAMS 0x0000000083200000, 0x0000000083200000| Untracked 
|  51|0x0000000083300000, 0x0000000083300000, 0x0000000083400000|  0%| F|  |TAMS 0x0000000083300000, 0x0000000083300000| Untracked 
|  52|0x0000000083400000, 0x0000000083400000, 0x0000000083500000|  0%| F|  |TAMS 0x0000000083400000, 0x0000000083400000| Untracked 
|  53|0x0000000083500000, 0x0000000083500000, 0x0000000083600000|  0%| F|  |TAMS 0x0000000083500000, 0x0000000083500000| Untracked 
|  54|0x0000000083600000, 0x0000000083600000, 0x0000000083700000|  0%| F|  |TAMS 0x0000000083600000, 0x0000000083600000| Untracked 
|  55|0x0000000083700000, 0x0000000083700000, 0x0000000083800000|  0%| F|  |TAMS 0x0000000083700000, 0x0000000083700000| Untracked 
|  56|0x0000000083800000, 0x0000000083800000, 0x0000000083900000|  0%| F|  |TAMS 0x0000000083800000, 0x0000000083800000| Untracked 
|  57|0x0000000083900000, 0x0000000083900000, 0x0000000083a00000|  0%| F|  |TAMS 0x0000000083900000, 0x0000000083900000| Untracked 
|  58|0x0000000083a00000, 0x0000000083a00000, 0x0000000083b00000|  0%| F|  |TAMS 0x0000000083a00000, 0x0000000083a00000| Untracked 
|  59|0x0000000083b00000, 0x0000000083b00000, 0x0000000083c00000|  0%| F|  |TAMS 0x0000000083b00000, 0x0000000083b00000| Untracked 
|  60|0x0000000083c00000, 0x0000000083c00000, 0x0000000083d00000|  0%| F|  |TAMS 0x0000000083c00000, 0x0000000083c00000| Untracked 
|  61|0x0000000083d00000, 0x0000000083d00000, 0x0000000083e00000|  0%| F|  |TAMS 0x0000000083d00000, 0x0000000083d00000| Untracked 
|  62|0x0000000083e00000, 0x0000000083e00000, 0x0000000083f00000|  0%| F|  |TAMS 0x0000000083e00000, 0x0000000083e00000| Untracked 
|  63|0x0000000083f00000, 0x0000000083f00000, 0x0000000084000000|  0%| F|  |TAMS 0x0000000083f00000, 0x0000000083f00000| Untracked 
|  64|0x0000000084000000, 0x0000000084000000, 0x0000000084100000|  0%| F|  |TAMS 0x0000000084000000, 0x0000000084000000| Untracked 
|  65|0x0000000084100000, 0x0000000084100000, 0x0000000084200000|  0%| F|  |TAMS 0x0000000084100000, 0x0000000084100000| Untracked 
|  66|0x0000000084200000, 0x0000000084200000, 0x0000000084300000|  0%| F|  |TAMS 0x0000000084200000, 0x0000000084200000| Untracked 
|  67|0x0000000084300000, 0x0000000084300000, 0x0000000084400000|  0%| F|  |TAMS 0x0000000084300000, 0x0000000084300000| Untracked 
|  68|0x0000000084400000, 0x0000000084400000, 0x0000000084500000|  0%| F|  |TAMS 0x0000000084400000, 0x0000000084400000| Untracked 
|  69|0x0000000084500000, 0x0000000084500000, 0x0000000084600000|  0%| F|  |TAMS 0x0000000084500000, 0x0000000084500000| Untracked 
|  70|0x0000000084600000, 0x0000000084600000, 0x0000000084700000|  0%| F|  |TAMS 0x0000000084600000, 0x0000000084600000| Untracked 
|  71|0x0000000084700000, 0x0000000084700000, 0x0000000084800000|  0%| F|  |TAMS 0x0000000084700000, 0x0000000084700000| Untracked 
|  72|0x0000000084800000, 0x0000000084800000, 0x0000000084900000|  0%| F|  |TAMS 0x0000000084800000, 0x0000000084800000| Untracked 
|  73|0x0000000084900000, 0x0000000084900000, 0x0000000084a00000|  0%| F|  |TAMS 0x0000000084900000, 0x0000000084900000| Untracked 
|  74|0x0000000084a00000, 0x0000000084a00000, 0x0000000084b00000|  0%| F|  |TAMS 0x0000000084a00000, 0x0000000084a00000| Untracked 
|  75|0x0000000084b00000, 0x0000000084b00000, 0x0000000084c00000|  0%| F|  |TAMS 0x0000000084b00000, 0x0000000084b00000| Untracked 
|  76|0x0000000084c00000, 0x0000000084c00000, 0x0000000084d00000|  0%| F|  |TAMS 0x0000000084c00000, 0x0000000084c00000| Untracked 
|  77|0x0000000084d00000, 0x0000000084d00000, 0x0000000084e00000|  0%| F|  |TAMS 0x0000000084d00000, 0x0000000084d00000| Untracked 
|  78|0x0000000084e00000, 0x0000000084e00000, 0x0000000084f00000|  0%| F|  |TAMS 0x0000000084e00000, 0x0000000084e00000| Untracked 
|  79|0x0000000084f00000, 0x0000000084f00000, 0x0000000085000000|  0%| F|  |TAMS 0x0000000084f00000, 0x0000000084f00000| Untracked 
|  80|0x0000000085000000, 0x0000000085000000, 0x0000000085100000|  0%| F|  |TAMS 0x0000000085000000, 0x0000000085000000| Untracked 
|  81|0x0000000085100000, 0x0000000085100000, 0x0000000085200000|  0%| F|  |TAMS 0x0000000085100000, 0x0000000085100000| Untracked 
|  82|0x0000000085200000, 0x0000000085200000, 0x0000000085300000|  0%| F|  |TAMS 0x0000000085200000, 0x0000000085200000| Untracked 
|  83|0x0000000085300000, 0x0000000085300000, 0x0000000085400000|  0%| F|  |TAMS 0x0000000085300000, 0x0000000085300000| Untracked 
|  84|0x0000000085400000, 0x0000000085400000, 0x0000000085500000|  0%| F|  |TAMS 0x0000000085400000, 0x0000000085400000| Untracked 
|  85|0x0000000085500000, 0x0000000085500000, 0x0000000085600000|  0%| F|  |TAMS 0x0000000085500000, 0x0000000085500000| Untracked 
|  86|0x0000000085600000, 0x0000000085600000, 0x0000000085700000|  0%| F|  |TAMS 0x0000000085600000, 0x0000000085600000| Untracked 
|  87|0x0000000085700000, 0x0000000085700000, 0x0000000085800000|  0%| F|  |TAMS 0x0000000085700000, 0x0000000085700000| Untracked 
|  88|0x0000000085800000, 0x0000000085800000, 0x0000000085900000|  0%| F|  |TAMS 0x0000000085800000, 0x0000000085800000| Untracked 
|  89|0x0000000085900000, 0x0000000085900000, 0x0000000085a00000|  0%| F|  |TAMS 0x0000000085900000, 0x0000000085900000| Untracked 
|  90|0x0000000085a00000, 0x0000000085a00000, 0x0000000085b00000|  0%| F|  |TAMS 0x0000000085a00000, 0x0000000085a00000| Untracked 
|  91|0x0000000085b00000, 0x0000000085b00000, 0x0000000085c00000|  0%| F|  |TAMS 0x0000000085b00000, 0x0000000085b00000| Untracked 
|  92|0x0000000085c00000, 0x0000000085c00000, 0x0000000085d00000|  0%| F|  |TAMS 0x0000000085c00000, 0x0000000085c00000| Untracked 
|  93|0x0000000085d00000, 0x0000000085d00000, 0x0000000085e00000|  0%| F|  |TAMS 0x0000000085d00000, 0x0000000085d00000| Untracked 
|  94|0x0000000085e00000, 0x0000000085e00000, 0x0000000085f00000|  0%| F|  |TAMS 0x0000000085e00000, 0x0000000085e00000| Untracked 
|  95|0x0000000085f00000, 0x0000000085f00000, 0x0000000086000000|  0%| F|  |TAMS 0x0000000085f00000, 0x0000000085f00000| Untracked 
|  96|0x0000000086000000, 0x0000000086000000, 0x0000000086100000|  0%| F|  |TAMS 0x0000000086000000, 0x0000000086000000| Untracked 
|  97|0x0000000086100000, 0x0000000086100000, 0x0000000086200000|  0%| F|  |TAMS 0x0000000086100000, 0x0000000086100000| Untracked 
|  98|0x0000000086200000, 0x0000000086200000, 0x0000000086300000|  0%| F|  |TAMS 0x0000000086200000, 0x0000000086200000| Untracked 
|  99|0x0000000086300000, 0x0000000086300000, 0x0000000086400000|  0%| F|  |TAMS 0x0000000086300000, 0x0000000086300000| Untracked 
| 100|0x0000000086400000, 0x0000000086400000, 0x0000000086500000|  0%| F|  |TAMS 0x0000000086400000, 0x0000000086400000| Untracked 
| 101|0x0000000086500000, 0x0000000086500000, 0x0000000086600000|  0%| F|  |TAMS 0x0000000086500000, 0x0000000086500000| Untracked 
| 102|0x0000000086600000, 0x0000000086600000, 0x0000000086700000|  0%| F|  |TAMS 0x0000000086600000, 0x0000000086600000| Untracked 
| 103|0x0000000086700000, 0x0000000086700000, 0x0000000086800000|  0%| F|  |TAMS 0x0000000086700000, 0x0000000086700000| Untracked 
| 104|0x0000000086800000, 0x0000000086800000, 0x0000000086900000|  0%| F|  |TAMS 0x0000000086800000, 0x0000000086800000| Untracked 
| 105|0x0000000086900000, 0x0000000086900000, 0x0000000086a00000|  0%| F|  |TAMS 0x0000000086900000, 0x0000000086900000| Untracked 
| 106|0x0000000086a00000, 0x0000000086a00000, 0x0000000086b00000|  0%| F|  |TAMS 0x0000000086a00000, 0x0000000086a00000| Untracked 
| 107|0x0000000086b00000, 0x0000000086b00000, 0x0000000086c00000|  0%| F|  |TAMS 0x0000000086b00000, 0x0000000086b00000| Untracked 
| 108|0x0000000086c00000, 0x0000000086c00000, 0x0000000086d00000|  0%| F|  |TAMS 0x0000000086c00000, 0x0000000086c00000| Untracked 
| 109|0x0000000086d00000, 0x0000000086d00000, 0x0000000086e00000|  0%| F|  |TAMS 0x0000000086d00000, 0x0000000086d00000| Untracked 
| 110|0x0000000086e00000, 0x0000000086e00000, 0x0000000086f00000|  0%| F|  |TAMS 0x0000000086e00000, 0x0000000086e00000| Untracked 
| 111|0x0000000086f00000, 0x0000000086f00000, 0x0000000087000000|  0%| F|  |TAMS 0x0000000086f00000, 0x0000000086f00000| Untracked 
| 112|0x0000000087000000, 0x0000000087000000, 0x0000000087100000|  0%| F|  |TAMS 0x0000000087000000, 0x0000000087000000| Untracked 
| 113|0x0000000087100000, 0x0000000087100000, 0x0000000087200000|  0%| F|  |TAMS 0x0000000087100000, 0x0000000087100000| Untracked 
| 114|0x0000000087200000, 0x0000000087200000, 0x0000000087300000|  0%| F|  |TAMS 0x0000000087200000, 0x0000000087200000| Untracked 
| 115|0x0000000087300000, 0x0000000087300000, 0x0000000087400000|  0%| F|  |TAMS 0x0000000087300000, 0x0000000087300000| Untracked 
| 116|0x0000000087400000, 0x0000000087400000, 0x0000000087500000|  0%| F|  |TAMS 0x0000000087400000, 0x0000000087400000| Untracked 
| 117|0x0000000087500000, 0x0000000087500000, 0x0000000087600000|  0%| F|  |TAMS 0x0000000087500000, 0x0000000087500000| Untracked 
| 118|0x0000000087600000, 0x0000000087600000, 0x0000000087700000|  0%| F|  |TAMS 0x0000000087600000, 0x0000000087600000| Untracked 
| 119|0x0000000087700000, 0x0000000087700000, 0x0000000087800000|  0%| F|  |TAMS 0x0000000087700000, 0x0000000087700000| Untracked 
| 120|0x0000000087800000, 0x0000000087800000, 0x0000000087900000|  0%| F|  |TAMS 0x0000000087800000, 0x0000000087800000| Untracked 
| 121|0x0000000087900000, 0x0000000087900000, 0x0000000087a00000|  0%| F|  |TAMS 0x0000000087900000, 0x0000000087900000| Untracked 
| 122|0x0000000087a00000, 0x0000000087a00000, 0x0000000087b00000|  0%| F|  |TAMS 0x0000000087a00000, 0x0000000087a00000| Untracked 
| 123|0x0000000087b00000, 0x0000000087b00000, 0x0000000087c00000|  0%| F|  |TAMS 0x0000000087b00000, 0x0000000087b00000| Untracked 
| 124|0x0000000087c00000, 0x0000000087c00000, 0x0000000087d00000|  0%| F|  |TAMS 0x0000000087c00000, 0x0000000087c00000| Untracked 
| 125|0x0000000087d00000, 0x0000000087d00000, 0x0000000087e00000|  0%| F|  |TAMS 0x0000000087d00000, 0x0000000087d00000| Untracked 
| 126|0x0000000087e00000, 0x0000000087e00000, 0x0000000087f00000|  0%| F|  |TAMS 0x0000000087e00000, 0x0000000087e00000| Untracked 
| 127|0x0000000087f00000, 0x0000000087f00000, 0x0000000088000000|  0%| F|  |TAMS 0x0000000087f00000, 0x0000000087f00000| Untracked 
| 128|0x0000000088000000, 0x0000000088000000, 0x0000000088100000|  0%| F|  |TAMS 0x0000000088000000, 0x0000000088000000| Untracked 
| 129|0x0000000088100000, 0x0000000088100000, 0x0000000088200000|  0%| F|  |TAMS 0x0000000088100000, 0x0000000088100000| Untracked 
| 130|0x0000000088200000, 0x0000000088200000, 0x0000000088300000|  0%| F|  |TAMS 0x0000000088200000, 0x0000000088200000| Untracked 
| 131|0x0000000088300000, 0x0000000088300000, 0x0000000088400000|  0%| F|  |TAMS 0x0000000088300000, 0x0000000088300000| Untracked 
| 132|0x0000000088400000, 0x0000000088400000, 0x0000000088500000|  0%| F|  |TAMS 0x0000000088400000, 0x0000000088400000| Untracked 
| 133|0x0000000088500000, 0x0000000088500000, 0x0000000088600000|  0%| F|  |TAMS 0x0000000088500000, 0x0000000088500000| Untracked 
| 134|0x0000000088600000, 0x0000000088600000, 0x0000000088700000|  0%| F|  |TAMS 0x0000000088600000, 0x0000000088600000| Untracked 
| 135|0x0000000088700000, 0x0000000088700000, 0x0000000088800000|  0%| F|  |TAMS 0x0000000088700000, 0x0000000088700000| Untracked 
| 136|0x0000000088800000, 0x0000000088800000, 0x0000000088900000|  0%| F|  |TAMS 0x0000000088800000, 0x0000000088800000| Untracked 
| 137|0x0000000088900000, 0x0000000088900000, 0x0000000088a00000|  0%| F|  |TAMS 0x0000000088900000, 0x0000000088900000| Untracked 
| 138|0x0000000088a00000, 0x0000000088a00000, 0x0000000088b00000|  0%| F|  |TAMS 0x0000000088a00000, 0x0000000088a00000| Untracked 
| 139|0x0000000088b00000, 0x0000000088b00000, 0x0000000088c00000|  0%| F|  |TAMS 0x0000000088b00000, 0x0000000088b00000| Untracked 
| 140|0x0000000088c00000, 0x0000000088c00000, 0x0000000088d00000|  0%| F|  |TAMS 0x0000000088c00000, 0x0000000088c00000| Untracked 
| 141|0x0000000088d00000, 0x0000000088d00000, 0x0000000088e00000|  0%| F|  |TAMS 0x0000000088d00000, 0x0000000088d00000| Untracked 
| 142|0x0000000088e00000, 0x0000000088e00000, 0x0000000088f00000|  0%| F|  |TAMS 0x0000000088e00000, 0x0000000088e00000| Untracked 
| 143|0x0000000088f00000, 0x0000000088f00000, 0x0000000089000000|  0%| F|  |TAMS 0x0000000088f00000, 0x0000000088f00000| Untracked 
| 144|0x0000000089000000, 0x0000000089000000, 0x0000000089100000|  0%| F|  |TAMS 0x0000000089000000, 0x0000000089000000| Untracked 
| 145|0x0000000089100000, 0x0000000089100000, 0x0000000089200000|  0%| F|  |TAMS 0x0000000089100000, 0x0000000089100000| Untracked 
| 146|0x0000000089200000, 0x0000000089200000, 0x0000000089300000|  0%| F|  |TAMS 0x0000000089200000, 0x0000000089200000| Untracked 
| 147|0x0000000089300000, 0x0000000089300000, 0x0000000089400000|  0%| F|  |TAMS 0x0000000089300000, 0x0000000089300000| Untracked 
| 148|0x0000000089400000, 0x0000000089400000, 0x0000000089500000|  0%| F|  |TAMS 0x0000000089400000, 0x0000000089400000| Untracked 
| 149|0x0000000089500000, 0x0000000089500000, 0x0000000089600000|  0%| F|  |TAMS 0x0000000089500000, 0x0000000089500000| Untracked 
| 150|0x0000000089600000, 0x0000000089600000, 0x0000000089700000|  0%| F|  |TAMS 0x0000000089600000, 0x0000000089600000| Untracked 
| 151|0x0000000089700000, 0x0000000089700000, 0x0000000089800000|  0%| F|  |TAMS 0x0000000089700000, 0x0000000089700000| Untracked 
| 152|0x0000000089800000, 0x0000000089800000, 0x0000000089900000|  0%| F|  |TAMS 0x0000000089800000, 0x0000000089800000| Untracked 
| 153|0x0000000089900000, 0x0000000089900000, 0x0000000089a00000|  0%| F|  |TAMS 0x0000000089900000, 0x0000000089900000| Untracked 
| 154|0x0000000089a00000, 0x0000000089a00000, 0x0000000089b00000|  0%| F|  |TAMS 0x0000000089a00000, 0x0000000089a00000| Untracked 
| 155|0x0000000089b00000, 0x0000000089b00000, 0x0000000089c00000|  0%| F|  |TAMS 0x0000000089b00000, 0x0000000089b00000| Untracked 
| 156|0x0000000089c00000, 0x0000000089c00000, 0x0000000089d00000|  0%| F|  |TAMS 0x0000000089c00000, 0x0000000089c00000| Untracked 
| 157|0x0000000089d00000, 0x0000000089d00000, 0x0000000089e00000|  0%| F|  |TAMS 0x0000000089d00000, 0x0000000089d00000| Untracked 
| 158|0x0000000089e00000, 0x0000000089e00000, 0x0000000089f00000|  0%| F|  |TAMS 0x0000000089e00000, 0x0000000089e00000| Untracked 
| 159|0x0000000089f00000, 0x0000000089f00000, 0x000000008a000000|  0%| F|  |TAMS 0x0000000089f00000, 0x0000000089f00000| Untracked 
| 160|0x000000008a000000, 0x000000008a000000, 0x000000008a100000|  0%| F|  |TAMS 0x000000008a000000, 0x000000008a000000| Untracked 
| 161|0x000000008a100000, 0x000000008a100000, 0x000000008a200000|  0%| F|  |TAMS 0x000000008a100000, 0x000000008a100000| Untracked 
| 162|0x000000008a200000, 0x000000008a200000, 0x000000008a300000|  0%| F|  |TAMS 0x000000008a200000, 0x000000008a200000| Untracked 
| 163|0x000000008a300000, 0x000000008a300000, 0x000000008a400000|  0%| F|  |TAMS 0x000000008a300000, 0x000000008a300000| Untracked 
| 164|0x000000008a400000, 0x000000008a400000, 0x000000008a500000|  0%| F|  |TAMS 0x000000008a400000, 0x000000008a400000| Untracked 
| 165|0x000000008a500000, 0x000000008a500000, 0x000000008a600000|  0%| F|  |TAMS 0x000000008a500000, 0x000000008a500000| Untracked 
| 166|0x000000008a600000, 0x000000008a600000, 0x000000008a700000|  0%| F|  |TAMS 0x000000008a600000, 0x000000008a600000| Untracked 
| 167|0x000000008a700000, 0x000000008a700000, 0x000000008a800000|  0%| F|  |TAMS 0x000000008a700000, 0x000000008a700000| Untracked 
| 168|0x000000008a800000, 0x000000008a800000, 0x000000008a900000|  0%| F|  |TAMS 0x000000008a800000, 0x000000008a800000| Untracked 
| 169|0x000000008a900000, 0x000000008a900000, 0x000000008aa00000|  0%| F|  |TAMS 0x000000008a900000, 0x000000008a900000| Untracked 
| 170|0x000000008aa00000, 0x000000008aa00000, 0x000000008ab00000|  0%| F|  |TAMS 0x000000008aa00000, 0x000000008aa00000| Untracked 
| 171|0x000000008ab00000, 0x000000008aba1d00, 0x000000008ac00000| 63%| S|CS|TAMS 0x000000008ab00000, 0x000000008ab00000| Complete 
| 172|0x000000008ac00000, 0x000000008ad00000, 0x000000008ad00000|100%| S|CS|TAMS 0x000000008ac00000, 0x000000008ac00000| Complete 
| 173|0x000000008ad00000, 0x000000008ae00000, 0x000000008ae00000|100%| S|CS|TAMS 0x000000008ad00000, 0x000000008ad00000| Complete 
| 174|0x000000008ae00000, 0x000000008af00000, 0x000000008af00000|100%| S|CS|TAMS 0x000000008ae00000, 0x000000008ae00000| Complete 
| 175|0x000000008af00000, 0x000000008b000000, 0x000000008b000000|100%| S|CS|TAMS 0x000000008af00000, 0x000000008af00000| Complete 
| 176|0x000000008b000000, 0x000000008b100000, 0x000000008b100000|100%| S|CS|TAMS 0x000000008b000000, 0x000000008b000000| Complete 
| 177|0x000000008b100000, 0x000000008b100000, 0x000000008b200000|  0%| F|  |TAMS 0x000000008b100000, 0x000000008b100000| Untracked 
| 178|0x000000008b200000, 0x000000008b200000, 0x000000008b300000|  0%| F|  |TAMS 0x000000008b200000, 0x000000008b200000| Untracked 
| 179|0x000000008b300000, 0x000000008b300000, 0x000000008b400000|  0%| F|  |TAMS 0x000000008b300000, 0x000000008b300000| Untracked 
| 180|0x000000008b400000, 0x000000008b400000, 0x000000008b500000|  0%| F|  |TAMS 0x000000008b400000, 0x000000008b400000| Untracked 
| 181|0x000000008b500000, 0x000000008b500000, 0x000000008b600000|  0%| F|  |TAMS 0x000000008b500000, 0x000000008b500000| Untracked 
| 182|0x000000008b600000, 0x000000008b600000, 0x000000008b700000|  0%| F|  |TAMS 0x000000008b600000, 0x000000008b600000| Untracked 
| 183|0x000000008b700000, 0x000000008b700000, 0x000000008b800000|  0%| F|  |TAMS 0x000000008b700000, 0x000000008b700000| Untracked 
| 184|0x000000008b800000, 0x000000008b800000, 0x000000008b900000|  0%| F|  |TAMS 0x000000008b800000, 0x000000008b800000| Untracked 
| 185|0x000000008b900000, 0x000000008b900000, 0x000000008ba00000|  0%| F|  |TAMS 0x000000008b900000, 0x000000008b900000| Untracked 
| 186|0x000000008ba00000, 0x000000008ba00000, 0x000000008bb00000|  0%| F|  |TAMS 0x000000008ba00000, 0x000000008ba00000| Untracked 
| 187|0x000000008bb00000, 0x000000008bb00000, 0x000000008bc00000|  0%| F|  |TAMS 0x000000008bb00000, 0x000000008bb00000| Untracked 
| 188|0x000000008bc00000, 0x000000008bc00000, 0x000000008bd00000|  0%| F|  |TAMS 0x000000008bc00000, 0x000000008bc00000| Untracked 
| 189|0x000000008bd00000, 0x000000008bd00000, 0x000000008be00000|  0%| F|  |TAMS 0x000000008bd00000, 0x000000008bd00000| Untracked 
| 190|0x000000008be00000, 0x000000008be00000, 0x000000008bf00000|  0%| F|  |TAMS 0x000000008be00000, 0x000000008be00000| Untracked 
| 191|0x000000008bf00000, 0x000000008bf00000, 0x000000008c000000|  0%| F|  |TAMS 0x000000008bf00000, 0x000000008bf00000| Untracked 
| 192|0x000000008c000000, 0x000000008c000000, 0x000000008c100000|  0%| F|  |TAMS 0x000000008c000000, 0x000000008c000000| Untracked 
| 193|0x000000008c100000, 0x000000008c100000, 0x000000008c200000|  0%| F|  |TAMS 0x000000008c100000, 0x000000008c100000| Untracked 
| 194|0x000000008c200000, 0x000000008c200000, 0x000000008c300000|  0%| F|  |TAMS 0x000000008c200000, 0x000000008c200000| Untracked 
| 195|0x000000008c300000, 0x000000008c300000, 0x000000008c400000|  0%| F|  |TAMS 0x000000008c300000, 0x000000008c300000| Untracked 
| 196|0x000000008c400000, 0x000000008c400000, 0x000000008c500000|  0%| F|  |TAMS 0x000000008c400000, 0x000000008c400000| Untracked 
| 197|0x000000008c500000, 0x000000008c500000, 0x000000008c600000|  0%| F|  |TAMS 0x000000008c500000, 0x000000008c500000| Untracked 
| 198|0x000000008c600000, 0x000000008c600000, 0x000000008c700000|  0%| F|  |TAMS 0x000000008c600000, 0x000000008c600000| Untracked 
| 199|0x000000008c700000, 0x000000008c700000, 0x000000008c800000|  0%| F|  |TAMS 0x000000008c700000, 0x000000008c700000| Untracked 
| 200|0x000000008c800000, 0x000000008c800000, 0x000000008c900000|  0%| F|  |TAMS 0x000000008c800000, 0x000000008c800000| Untracked 
| 201|0x000000008c900000, 0x000000008c900000, 0x000000008ca00000|  0%| F|  |TAMS 0x000000008c900000, 0x000000008c900000| Untracked 
| 202|0x000000008ca00000, 0x000000008ca00000, 0x000000008cb00000|  0%| F|  |TAMS 0x000000008ca00000, 0x000000008ca00000| Untracked 
| 203|0x000000008cb00000, 0x000000008cb00000, 0x000000008cc00000|  0%| F|  |TAMS 0x000000008cb00000, 0x000000008cb00000| Untracked 
| 204|0x000000008cc00000, 0x000000008cc00000, 0x000000008cd00000|  0%| F|  |TAMS 0x000000008cc00000, 0x000000008cc00000| Untracked 
| 205|0x000000008cd00000, 0x000000008cd00000, 0x000000008ce00000|  0%| F|  |TAMS 0x000000008cd00000, 0x000000008cd00000| Untracked 
| 206|0x000000008ce00000, 0x000000008ce80800, 0x000000008cf00000| 50%| E|  |TAMS 0x000000008ce00000, 0x000000008ce00000| Complete 
| 207|0x000000008cf00000, 0x000000008d000000, 0x000000008d000000|100%| E|CS|TAMS 0x000000008cf00000, 0x000000008cf00000| Complete 
| 208|0x000000008d000000, 0x000000008d100000, 0x000000008d100000|100%| E|CS|TAMS 0x000000008d000000, 0x000000008d000000| Complete 
| 209|0x000000008d100000, 0x000000008d200000, 0x000000008d200000|100%| E|CS|TAMS 0x000000008d100000, 0x000000008d100000| Complete 
| 210|0x000000008d200000, 0x000000008d300000, 0x000000008d300000|100%| E|CS|TAMS 0x000000008d200000, 0x000000008d200000| Complete 
| 211|0x000000008d300000, 0x000000008d400000, 0x000000008d400000|100%| E|CS|TAMS 0x000000008d300000, 0x000000008d300000| Complete 
| 212|0x000000008d400000, 0x000000008d500000, 0x000000008d500000|100%| E|CS|TAMS 0x000000008d400000, 0x000000008d400000| Complete 
| 213|0x000000008d500000, 0x000000008d600000, 0x000000008d600000|100%| E|CS|TAMS 0x000000008d500000, 0x000000008d500000| Complete 
| 214|0x000000008d600000, 0x000000008d700000, 0x000000008d700000|100%| E|CS|TAMS 0x000000008d600000, 0x000000008d600000| Complete 
| 215|0x000000008d700000, 0x000000008d800000, 0x000000008d800000|100%| E|CS|TAMS 0x000000008d700000, 0x000000008d700000| Complete 
| 216|0x000000008d800000, 0x000000008d900000, 0x000000008d900000|100%| E|CS|TAMS 0x000000008d800000, 0x000000008d800000| Complete 
| 217|0x000000008d900000, 0x000000008da00000, 0x000000008da00000|100%| E|CS|TAMS 0x000000008d900000, 0x000000008d900000| Complete 
| 218|0x000000008da00000, 0x000000008db00000, 0x000000008db00000|100%| E|CS|TAMS 0x000000008da00000, 0x000000008da00000| Complete 
| 219|0x000000008db00000, 0x000000008dc00000, 0x000000008dc00000|100%| E|CS|TAMS 0x000000008db00000, 0x000000008db00000| Complete 
| 220|0x000000008dc00000, 0x000000008dd00000, 0x000000008dd00000|100%| E|CS|TAMS 0x000000008dc00000, 0x000000008dc00000| Complete 
| 221|0x000000008dd00000, 0x000000008de00000, 0x000000008de00000|100%| E|CS|TAMS 0x000000008dd00000, 0x000000008dd00000| Complete 
| 222|0x000000008de00000, 0x000000008df00000, 0x000000008df00000|100%| E|CS|TAMS 0x000000008de00000, 0x000000008de00000| Complete 
| 223|0x000000008df00000, 0x000000008e000000, 0x000000008e000000|100%| E|CS|TAMS 0x000000008df00000, 0x000000008df00000| Complete 
| 224|0x000000008e000000, 0x000000008e100000, 0x000000008e100000|100%| E|CS|TAMS 0x000000008e000000, 0x000000008e000000| Complete 
| 225|0x000000008e100000, 0x000000008e200000, 0x000000008e200000|100%| E|CS|TAMS 0x000000008e100000, 0x000000008e100000| Complete 
| 226|0x000000008e200000, 0x000000008e300000, 0x000000008e300000|100%| E|CS|TAMS 0x000000008e200000, 0x000000008e200000| Complete 
| 227|0x000000008e300000, 0x000000008e400000, 0x000000008e400000|100%| E|CS|TAMS 0x000000008e300000, 0x000000008e300000| Complete 
| 228|0x000000008e400000, 0x000000008e500000, 0x000000008e500000|100%| E|CS|TAMS 0x000000008e400000, 0x000000008e400000| Complete 
| 229|0x000000008e500000, 0x000000008e600000, 0x000000008e600000|100%| E|CS|TAMS 0x000000008e500000, 0x000000008e500000| Complete 
| 230|0x000000008e600000, 0x000000008e700000, 0x000000008e700000|100%| E|CS|TAMS 0x000000008e600000, 0x000000008e600000| Complete 
| 231|0x000000008e700000, 0x000000008e800000, 0x000000008e800000|100%| E|CS|TAMS 0x000000008e700000, 0x000000008e700000| Complete 
| 232|0x000000008e800000, 0x000000008e900000, 0x000000008e900000|100%| E|CS|TAMS 0x000000008e800000, 0x000000008e800000| Complete 
| 233|0x000000008e900000, 0x000000008ea00000, 0x000000008ea00000|100%| E|CS|TAMS 0x000000008e900000, 0x000000008e900000| Complete 
| 234|0x000000008ea00000, 0x000000008eb00000, 0x000000008eb00000|100%| E|CS|TAMS 0x000000008ea00000, 0x000000008ea00000| Complete 
| 235|0x000000008eb00000, 0x000000008ec00000, 0x000000008ec00000|100%| E|CS|TAMS 0x000000008eb00000, 0x000000008eb00000| Complete 
| 236|0x000000008ec00000, 0x000000008ed00000, 0x000000008ed00000|100%| E|CS|TAMS 0x000000008ec00000, 0x000000008ec00000| Complete 
| 237|0x000000008ed00000, 0x000000008ee00000, 0x000000008ee00000|100%| E|CS|TAMS 0x000000008ed00000, 0x000000008ed00000| Complete 
| 238|0x000000008ee00000, 0x000000008ef00000, 0x000000008ef00000|100%| E|CS|TAMS 0x000000008ee00000, 0x000000008ee00000| Complete 
| 239|0x000000008ef00000, 0x000000008f000000, 0x000000008f000000|100%| E|CS|TAMS 0x000000008ef00000, 0x000000008ef00000| Complete 
| 240|0x000000008f000000, 0x000000008f100000, 0x000000008f100000|100%| E|CS|TAMS 0x000000008f000000, 0x000000008f000000| Complete 
| 241|0x000000008f100000, 0x000000008f200000, 0x000000008f200000|100%| E|CS|TAMS 0x000000008f100000, 0x000000008f100000| Complete 
| 242|0x000000008f200000, 0x000000008f300000, 0x000000008f300000|100%| E|CS|TAMS 0x000000008f200000, 0x000000008f200000| Complete 
| 243|0x000000008f300000, 0x000000008f400000, 0x000000008f400000|100%| E|CS|TAMS 0x000000008f300000, 0x000000008f300000| Complete 
| 244|0x000000008f400000, 0x000000008f500000, 0x000000008f500000|100%| E|CS|TAMS 0x000000008f400000, 0x000000008f400000| Complete 
| 245|0x000000008f500000, 0x000000008f600000, 0x000000008f600000|100%| E|CS|TAMS 0x000000008f500000, 0x000000008f500000| Complete 

Card table byte_map: [0x0000025c9e8b0000,0x0000025c9ecb0000] _byte_map_base: 0x0000025c9e4b0000

Marking Bits (Prev, Next): (CMBitMap*) 0x0000025c8b48cab8, (CMBitMap*) 0x0000025c8b48caf0
 Prev Bits: [0x0000025c9f0b0000, 0x0000025ca10b0000)
 Next Bits: [0x0000025ca10b0000, 0x0000025ca30b0000)

Polling page: 0x0000025c8ac20000

Metaspace:

Usage:
  Non-class:     33.31 MB capacity,    32.73 MB ( 98%) used,   498.31 KB (  1%) free+waste,    91.25 KB ( <1%) overhead. 
      Class:      5.11 MB capacity,     4.79 MB ( 94%) used,   282.80 KB (  5%) free+waste,    43.88 KB ( <1%) overhead. 
       Both:     38.42 MB capacity,    37.52 MB ( 98%) used,   781.11 KB (  2%) free+waste,   135.13 KB ( <1%) overhead. 

Virtual space:
  Non-class space:       34.00 MB reserved,      33.45 MB ( 98%) committed 
      Class space:        1.00 GB reserved,       5.13 MB ( <1%) committed 
             Both:        1.03 GB reserved,      38.58 MB (  4%) committed 

Chunk freelists:
   Non-Class:  22.00 KB
       Class:  0 bytes
        Both:  22.00 KB

MaxMetaspaceSize: 17179869184.00 GB
CompressedClassSpaceSize: 1.00 GB
Initial GC threshold: 20.80 MB
Current GC threshold: 59.09 MB
CDS: off

CodeHeap 'non-profiled nmethods': size=120000Kb used=1815Kb max_used=1815Kb free=118184Kb
 bounds [0x0000025c96a30000, 0x0000025c96ca0000, 0x0000025c9df60000]
CodeHeap 'profiled nmethods': size=120000Kb used=6855Kb max_used=6855Kb free=113144Kb
 bounds [0x0000025c8f500000, 0x0000025c8fbc0000, 0x0000025c96a30000]
CodeHeap 'non-nmethods': size=5760Kb used=1582Kb max_used=1604Kb free=4177Kb
 bounds [0x0000025c8ef60000, 0x0000025c8f1d0000, 0x0000025c8f500000]
 total_blobs=3911 nmethods=3287 adapters=535
 compilation: enabled
              stopped_count=0, restarted_count=0
 full_count=0

Compilation events (20 events):
Event: 2.367 Thread 0x0000025ca65fe800 3250       3       java.util.Hashtable$Entry::<init> (26 bytes)
Event: 2.367 Thread 0x0000025ca65fe800 nmethod 3250 0x0000025c8fb9eb90 code [0x0000025c8fb9ed40, 0x0000025c8fb9efb8]
Event: 2.368 Thread 0x0000025ca65fe800 3251       3       java.lang.invoke.InvokerBytecodeGenerator::assertStaticType (58 bytes)
Event: 2.369 Thread 0x0000025ca65fe800 nmethod 3251 0x0000025c8fb9f090 code [0x0000025c8fb9f280, 0x0000025c8fb9f758]
Event: 2.369 Thread 0x0000025ca65fe800 3252       3       java.lang.invoke.LambdaFormBuffer::indexOf (33 bytes)
Event: 2.369 Thread 0x0000025ca65fe800 nmethod 3252 0x0000025c8fb9f990 code [0x0000025c8fb9fb60, 0x0000025c8fb9fef8]
Event: 2.369 Thread 0x0000025ca65fe800 3253       3       java.lang.invoke.LambdaForm$Name::cloneWithIndex (47 bytes)
Event: 2.370 Thread 0x0000025ca65fe800 nmethod 3253 0x0000025c8fba0010 code [0x0000025c8fba0200, 0x0000025c8fba0708]
Event: 2.370 Thread 0x0000025ca65fe800 3258       3       java.lang.invoke.MemberName::<init> (25 bytes)
Event: 2.371 Thread 0x0000025ca65fe800 nmethod 3258 0x0000025c8fba0890 code [0x0000025c8fba0a60, 0x0000025c8fba0c88]
Event: 2.371 Thread 0x0000025ca65fe800 3259       3       java.lang.invoke.MethodHandles$Lookup::resolveOrFail (42 bytes)
Event: 2.371 Thread 0x0000025ca65fe800 nmethod 3259 0x0000025c8fba0d90 code [0x0000025c8fba1020, 0x0000025c8fba1928]
Event: 2.371 Thread 0x0000025ca65fe800 3263       3       org.codehaus.groovy.util.ComplexKeyHashMap$1::hasNext (13 bytes)
Event: 2.372 Thread 0x0000025ca65fe800 nmethod 3263 0x0000025c8fba1d10 code [0x0000025c8fba1ec0, 0x0000025c8fba2018]
Event: 2.372 Thread 0x0000025ca65fe800 3264       3       groovy.lang.MetaBeanProperty::<init> (18 bytes)
Event: 2.372 Thread 0x0000025ca65fe800 nmethod 3264 0x0000025c8fba2090 code [0x0000025c8fba2260, 0x0000025c8fba2598]
Event: 2.372 Thread 0x0000025ca65fe800 3265       1       groovy.lang.MetaProperty::getType (5 bytes)
Event: 2.372 Thread 0x0000025ca65fe800 nmethod 3265 0x0000025c96bf0890 code [0x0000025c96bf0a40, 0x0000025c96bf0af8]
Event: 2.374 Thread 0x0000025ca65fe800 3266       3       java.util.AbstractCollection::toArray (70 bytes)
Event: 2.374 Thread 0x0000025ca65f5800 nmethod 3246 0x0000025c96bf0b90 code [0x0000025c96bf0e80, 0x0000025c96bf1958]

GC Heap History (8 events):
Event: 0.419 GC heap before
{Heap before GC invocations=0 (full 0):
 garbage-first heap   total 251904K, used 29696K [0x0000000080000000, 0x0000000100000000)
  region size 1024K, 24 young (24576K), 0 survivors (0K)
 Metaspace       used 10172K, capacity 10393K, committed 10624K, reserved 1058816K
  class space    used 1045K, capacity 1108K, committed 1152K, reserved 1048576K
}
Event: 0.422 GC heap after
{Heap after GC invocations=1 (full 0):
 garbage-first heap   total 251904K, used 9355K [0x0000000080000000, 0x0000000100000000)
  region size 1024K, 3 young (3072K), 3 survivors (3072K)
 Metaspace       used 10172K, capacity 10393K, committed 10624K, reserved 1058816K
  class space    used 1045K, capacity 1108K, committed 1152K, reserved 1048576K
}
Event: 1.252 GC heap before
{Heap before GC invocations=1 (full 0):
 garbage-first heap   total 251904K, used 114827K [0x0000000080000000, 0x0000000100000000)
  region size 1024K, 107 young (109568K), 3 survivors (3072K)
 Metaspace       used 20789K, capacity 21189K, committed 21296K, reserved 1069056K
  class space    used 2527K, capacity 2688K, committed 2688K, reserved 1048576K
}
Event: 1.258 GC heap after
{Heap after GC invocations=2 (full 0):
 garbage-first heap   total 251904K, used 16698K [0x0000000080000000, 0x0000000100000000)
  region size 1024K, 11 young (11264K), 11 survivors (11264K)
 Metaspace       used 20789K, capacity 21189K, committed 21296K, reserved 1069056K
  class space    used 2527K, capacity 2688K, committed 2688K, reserved 1048576K
}
Event: 1.592 GC heap before
{Heap before GC invocations=3 (full 0):
 garbage-first heap   total 251904K, used 68922K [0x0000000080000000, 0x0000000100000000)
  region size 1024K, 62 young (63488K), 11 survivors (11264K)
 Metaspace       used 26158K, capacity 26830K, committed 27008K, reserved 1073152K
  class space    used 3403K, capacity 3641K, committed 3712K, reserved 1048576K
}
Event: 1.596 GC heap after
{Heap after GC invocations=4 (full 0):
 garbage-first heap   total 251904K, used 19071K [0x0000000080000000, 0x0000000100000000)
  region size 1024K, 3 young (3072K), 3 survivors (3072K)
 Metaspace       used 26158K, capacity 26830K, committed 27008K, reserved 1073152K
  class space    used 3403K, capacity 3641K, committed 3712K, reserved 1048576K
}
Event: 2.123 GC heap before
{Heap before GC invocations=4 (full 0):
 garbage-first heap   total 251904K, used 85631K [0x0000000080000000, 0x0000000100000000)
  region size 1024K, 69 young (70656K), 3 survivors (3072K)
 Metaspace       used 35205K, capacity 35938K, committed 36048K, reserved 1081344K
  class space    used 4524K, capacity 4808K, committed 4864K, reserved 1048576K
}
Event: 2.129 GC heap after
{Heap after GC invocations=5 (full 0):
 garbage-first heap   total 251904K, used 22409K [0x0000000080000000, 0x0000000100000000)
  region size 1024K, 6 young (6144K), 6 survivors (6144K)
 Metaspace       used 35205K, capacity 35938K, committed 36048K, reserved 1081344K
  class space    used 4524K, capacity 4808K, committed 4864K, reserved 1048576K
}

Deoptimization events (20 events):
Event: 2.350 Thread 0x0000025ca9948000 Uncommon trap: trap_request=0xffffffde fr.pc=0x0000025c96bda030 relative=0x0000000000000490
Event: 2.350 Thread 0x0000025ca9948000 Uncommon trap: reason=class_check action=maybe_recompile pc=0x0000025c96bda030 method=java.util.regex.Pattern$Start.match(Ljava/util/regex/Matcher;ILjava/lang/CharSequence;)Z @ 44 c2
Event: 2.350 Thread 0x0000025ca9948000 DEOPT PACKING pc=0x0000025c96bda030 sp=0x00000079670f6dd0
Event: 2.350 Thread 0x0000025ca9948000 DEOPT UNPACKING pc=0x0000025c8efaa1af sp=0x00000079670f6c98 mode 2
Event: 2.366 Thread 0x0000025ca9948000 Uncommon trap: trap_request=0xffffffde fr.pc=0x0000025c96bda030 relative=0x0000000000000490
Event: 2.366 Thread 0x0000025ca9948000 Uncommon trap: reason=class_check action=maybe_recompile pc=0x0000025c96bda030 method=java.util.regex.Pattern$Start.match(Ljava/util/regex/Matcher;ILjava/lang/CharSequence;)Z @ 44 c2
Event: 2.366 Thread 0x0000025ca9948000 DEOPT PACKING pc=0x0000025c96bda030 sp=0x00000079670f7530
Event: 2.366 Thread 0x0000025ca9948000 DEOPT UNPACKING pc=0x0000025c8efaa1af sp=0x00000079670f73f8 mode 2
Event: 2.366 Thread 0x0000025ca9948000 Uncommon trap: trap_request=0xffffffde fr.pc=0x0000025c96bda030 relative=0x0000000000000490
Event: 2.366 Thread 0x0000025ca9948000 Uncommon trap: reason=class_check action=maybe_recompile pc=0x0000025c96bda030 method=java.util.regex.Pattern$Start.match(Ljava/util/regex/Matcher;ILjava/lang/CharSequence;)Z @ 44 c2
Event: 2.366 Thread 0x0000025ca9948000 DEOPT PACKING pc=0x0000025c96bda030 sp=0x00000079670f7530
Event: 2.366 Thread 0x0000025ca9948000 DEOPT UNPACKING pc=0x0000025c8efaa1af sp=0x00000079670f73f8 mode 2
Event: 2.366 Thread 0x0000025ca9948000 Uncommon trap: trap_request=0xffffffde fr.pc=0x0000025c96bce180 relative=0x0000000000000480
Event: 2.366 Thread 0x0000025ca9948000 Uncommon trap: reason=class_check action=maybe_recompile pc=0x0000025c96bce180 method=java.util.regex.Pattern$Start.match(Ljava/util/regex/Matcher;ILjava/lang/CharSequence;)Z @ 44 c2
Event: 2.366 Thread 0x0000025ca9948000 DEOPT PACKING pc=0x0000025c96bce180 sp=0x00000079670f74b0
Event: 2.366 Thread 0x0000025ca9948000 DEOPT UNPACKING pc=0x0000025c8efaa1af sp=0x00000079670f73f0 mode 2
Event: 2.366 Thread 0x0000025ca9948000 Uncommon trap: trap_request=0xffffffde fr.pc=0x0000025c96bcd6ac relative=0x00000000000002cc
Event: 2.366 Thread 0x0000025ca9948000 Uncommon trap: reason=class_check action=maybe_recompile pc=0x0000025c96bcd6ac method=java.util.regex.Pattern$Start.match(Ljava/util/regex/Matcher;ILjava/lang/CharSequence;)Z @ 44 c2
Event: 2.366 Thread 0x0000025ca9948000 DEOPT PACKING pc=0x0000025c96bcd6ac sp=0x00000079670f7430
Event: 2.366 Thread 0x0000025ca9948000 DEOPT UNPACKING pc=0x0000025c8efaa1af sp=0x00000079670f73f0 mode 2

Classes redefined (0 events):
No events

Internal exceptions (20 events):
Event: 2.335 Thread 0x0000025ca9948000 Exception <a 'java/lang/ClassNotFoundException'{0x000000008d6f62b8}: groovy/lang/BindingBeanInfo> (0x000000008d6f62b8) thrown at [./src/hotspot/share/classfile/systemDictionary.cpp, line 231]
Event: 2.336 Thread 0x0000025ca9948000 Exception <a 'java/lang/ClassNotFoundException'{0x000000008d516a38}: groovy/lang/BindingCustomizer> (0x000000008d516a38) thrown at [./src/hotspot/share/classfile/systemDictionary.cpp, line 231]
Event: 2.344 Thread 0x0000025ca9948000 Exception <a 'java/lang/ClassNotFoundException'{0x000000008d474f60}: settings_92ep37t6nqtuso35efmiiyeg3BeanInfo> (0x000000008d474f60) thrown at [./src/hotspot/share/classfile/systemDictionary.cpp, line 231]
Event: 2.344 Thread 0x0000025ca9948000 Exception <a 'java/lang/ClassNotFoundException'{0x000000008d48b1c8}: org/gradle/initialization/SettingsScriptBeanInfo> (0x000000008d48b1c8) thrown at [./src/hotspot/share/classfile/systemDictionary.cpp, line 231]
Event: 2.345 Thread 0x0000025ca9948000 Exception <a 'java/lang/ClassNotFoundException'{0x000000008d4a2800}: org/gradle/plugin/use/internal/PluginsAwareScriptBeanInfo> (0x000000008d4a2800) thrown at [./src/hotspot/share/classfile/systemDictionary.cpp, line 231]
Event: 2.345 Thread 0x0000025ca9948000 Exception <a 'java/lang/ClassNotFoundException'{0x000000008d4b8d48}: org/gradle/groovy/scripts/DefaultScriptBeanInfo> (0x000000008d4b8d48) thrown at [./src/hotspot/share/classfile/systemDictionary.cpp, line 231]
Event: 2.345 Thread 0x0000025ca9948000 Exception <a 'java/lang/ClassNotFoundException'{0x000000008d4cf0c8}: org/gradle/groovy/scripts/BasicScriptBeanInfo> (0x000000008d4cf0c8) thrown at [./src/hotspot/share/classfile/systemDictionary.cpp, line 231]
Event: 2.346 Thread 0x0000025ca9948000 Exception <a 'java/lang/ClassNotFoundException'{0x000000008d4e42e8}: org/gradle/groovy/scripts/ScriptBeanInfo> (0x000000008d4e42e8) thrown at [./src/hotspot/share/classfile/systemDictionary.cpp, line 231]
Event: 2.346 Thread 0x0000025ca9948000 Exception <a 'java/lang/ClassNotFoundException'{0x000000008d305420}: groovy/lang/ScriptBeanInfo> (0x000000008d305420) thrown at [./src/hotspot/share/classfile/systemDictionary.cpp, line 231]
Event: 2.346 Thread 0x0000025ca9948000 Exception <a 'java/lang/ClassNotFoundException'{0x000000008d3268e8}: groovy/lang/ScriptCustomizer> (0x000000008d3268e8) thrown at [./src/hotspot/share/classfile/systemDictionary.cpp, line 231]
Event: 2.347 Thread 0x0000025ca9948000 Exception <a 'java/lang/ClassNotFoundException'{0x000000008d343c00}: org/gradle/groovy/scripts/ScriptCustomizer> (0x000000008d343c00) thrown at [./src/hotspot/share/classfile/systemDictionary.cpp, line 231]
Event: 2.348 Thread 0x0000025ca9948000 Exception <a 'java/lang/ClassNotFoundException'{0x000000008d360bb8}: org/gradle/groovy/scripts/BasicScriptCustomizer> (0x000000008d360bb8) thrown at [./src/hotspot/share/classfile/systemDictionary.cpp, line 231]
Event: 2.349 Thread 0x0000025ca9948000 Exception <a 'java/lang/ClassNotFoundException'{0x000000008d383930}: org/gradle/groovy/scripts/DefaultScriptCustomizer> (0x000000008d383930) thrown at [./src/hotspot/share/classfile/systemDictionary.cpp, line 231]
Event: 2.351 Thread 0x0000025ca9948000 Exception <a 'java/lang/ClassNotFoundException'{0x000000008d3d4248}: org/gradle/plugin/use/internal/PluginsAwareScriptCustomizer> (0x000000008d3d4248) thrown at [./src/hotspot/share/classfile/systemDictionary.cpp, line 231]
Event: 2.351 Thread 0x0000025ca9948000 Exception <a 'java/lang/ClassNotFoundException'{0x000000008d3f1dc8}: org/gradle/initialization/SettingsScriptCustomizer> (0x000000008d3f1dc8) thrown at [./src/hotspot/share/classfile/systemDictionary.cpp, line 231]
Event: 2.352 Thread 0x0000025ca9948000 Exception <a 'java/lang/ClassNotFoundException'{0x000000008d2052e0}: settings_92ep37t6nqtuso35efmiiyeg3Customizer> (0x000000008d2052e0) thrown at [./src/hotspot/share/classfile/systemDictionary.cpp, line 231]
Event: 2.364 Thread 0x0000025ca9948000 Exception <a 'java/lang/ClassNotFoundException'{0x000000008d10fba0}: groovy/lang/Closure$1BeanInfo> (0x000000008d10fba0) thrown at [./src/hotspot/share/classfile/systemDictionary.cpp, line 231]
Event: 2.364 Thread 0x0000025ca9948000 Exception <a 'java/lang/ClassNotFoundException'{0x000000008d1424c8}: groovy/lang/ClosureBeanInfo> (0x000000008d1424c8) thrown at [./src/hotspot/share/classfile/systemDictionary.cpp, line 231]
Event: 2.365 Thread 0x0000025ca9948000 Exception <a 'java/lang/ClassNotFoundException'{0x000000008d174e98}: groovy/lang/ClosureCustomizer> (0x000000008d174e98) thrown at [./src/hotspot/share/classfile/systemDictionary.cpp, line 231]
Event: 2.367 Thread 0x0000025ca9948000 Exception <a 'java/lang/ClassNotFoundException'{0x000000008d023828}: groovy/lang/Closure$1Customizer> (0x000000008d023828) thrown at [./src/hotspot/share/classfile/systemDictionary.cpp, line 231]

Events (20 events):
Event: 2.368 loading class com/sun/beans/finder/FinderUtils
Event: 2.368 loading class com/sun/beans/finder/FinderUtils done
Event: 2.368 Executing VM operation: RevokeBias
Event: 2.368 Executing VM operation: RevokeBias done
Event: 2.370 loading class java/lang/invoke/BoundMethodHandle$Species_LLLLLLLI
Event: 2.370 loading class java/lang/invoke/BoundMethodHandle$Species_LLLLLLLI done
Event: 2.370 loading class java/lang/invoke/BoundMethodHandle$Species_LLLLLLLII
Event: 2.370 loading class java/lang/invoke/BoundMethodHandle$Species_LLLLLLLII done
Event: 2.371 loading class java/lang/invoke/BoundMethodHandle$Species_LLLLLLLIIL
Event: 2.371 loading class java/lang/invoke/BoundMethodHandle$Species_LLLLLLLIIL done
Event: 2.372 loading class org/codehaus/groovy/runtime/callsite/BooleanClosureWrapper
Event: 2.372 loading class org/codehaus/groovy/runtime/callsite/BooleanClosureWrapper done
Event: 2.372 loading class groovy/runtime/metaclass/settings_92ep37t6nqtuso35efmiiyeg3$_run_closure1MetaClass
Event: 2.372 loading class groovy/runtime/metaclass/settings_92ep37t6nqtuso35efmiiyeg3$_run_closure1MetaClass done
Event: 2.372 loading class org/codehaus/groovy/runtime/metaclass/ClosureMetaClass
Event: 2.372 loading class org/codehaus/groovy/runtime/metaclass/ClosureMetaClass done
Event: 2.373 loading class org/codehaus/groovy/runtime/metaclass/ClosureMetaClass$1
Event: 2.373 loading class org/codehaus/groovy/runtime/metaclass/ClosureMetaClass$1 done
Event: 2.373 loading class org/codehaus/groovy/runtime/metaclass/ClosureMetaClass$MethodChooser
Event: 2.373 loading class org/codehaus/groovy/runtime/metaclass/ClosureMetaClass$MethodChooser done


Dynamic libraries:
0x00007ff65d280000 - 0x00007ff65d28a000 	C:\Program Files\Android\Android Studio\jre\bin\java.exe
0x00007ff83ef90000 - 0x00007ff83f1a4000 	C:\WINDOWS\SYSTEM32\ntdll.dll
0x00007ff83d5b0000 - 0x00007ff83d672000 	C:\WINDOWS\System32\KERNEL32.DLL
0x00007ff83c3c0000 - 0x00007ff83c75d000 	C:\WINDOWS\System32\KERNELBASE.dll
0x00007ff83c760000 - 0x00007ff83c871000 	C:\WINDOWS\System32\ucrtbase.dll
0x00007ff82e1b0000 - 0x00007ff82e1c9000 	C:\Program Files\Android\Android Studio\jre\bin\jli.dll
0x00007ff82e0b0000 - 0x00007ff82e0c7000 	C:\Program Files\Android\Android Studio\jre\bin\VCRUNTIME140.dll
0x00007ff83da80000 - 0x00007ff83dc2a000 	C:\WINDOWS\System32\USER32.dll
0x00007ff82b150000 - 0x00007ff82b3de000 	C:\WINDOWS\WinSxS\amd64_microsoft.windows.common-controls_6595b64144ccf1df_6.0.22621.608_none_a9444ca7c10bb01d\COMCTL32.dll
0x00007ff83cbd0000 - 0x00007ff83cbf6000 	C:\WINDOWS\System32\win32u.dll
0x00007ff83ec20000 - 0x00007ff83ecc7000 	C:\WINDOWS\System32\msvcrt.dll
0x00007ff83e4f0000 - 0x00007ff83e519000 	C:\WINDOWS\System32\GDI32.dll
0x00007ff83cc70000 - 0x00007ff83cd82000 	C:\WINDOWS\System32\gdi32full.dll
0x00007ff83c880000 - 0x00007ff83c91a000 	C:\WINDOWS\System32\msvcp_win.dll
0x00007ff83d1a0000 - 0x00007ff83d1d2000 	C:\WINDOWS\System32\IMM32.DLL
0x00007ff8212a0000 - 0x00007ff82133d000 	C:\Program Files\Android\Android Studio\jre\bin\msvcp140.dll
0x00007ffff6740000 - 0x00007ffff7242000 	C:\Program Files\Android\Android Studio\jre\bin\server\jvm.dll
0x00007ff83d980000 - 0x00007ff83da2e000 	C:\WINDOWS\System32\ADVAPI32.dll
0x00007ff83d380000 - 0x00007ff83d424000 	C:\WINDOWS\System32\sechost.dll
0x00007ff83d490000 - 0x00007ff83d5a5000 	C:\WINDOWS\System32\RPCRT4.dll
0x00007ff83d970000 - 0x00007ff83d978000 	C:\WINDOWS\System32\PSAPI.DLL
0x00007ff838f70000 - 0x00007ff838f79000 	C:\WINDOWS\SYSTEM32\WSOCK32.dll
0x00007ff833410000 - 0x00007ff833444000 	C:\WINDOWS\SYSTEM32\WINMM.dll
0x00007ff834130000 - 0x00007ff83413a000 	C:\WINDOWS\SYSTEM32\VERSION.dll
0x00007ff83ee50000 - 0x00007ff83eec1000 	C:\WINDOWS\System32\WS2_32.dll
0x00007ff83b3f0000 - 0x00007ff83b408000 	C:\WINDOWS\SYSTEM32\kernel.appcore.dll
0x00007ff838f50000 - 0x00007ff838f61000 	C:\Program Files\Android\Android Studio\jre\bin\verify.dll
0x00007ff835540000 - 0x00007ff83576e000 	C:\WINDOWS\SYSTEM32\DBGHELP.DLL
0x00007ff83cdf0000 - 0x00007ff83d17a000 	C:\WINDOWS\System32\combase.dll
0x00007ff83e410000 - 0x00007ff83e4e7000 	C:\WINDOWS\System32\OLEAUT32.dll
0x00007ff82be60000 - 0x00007ff82be92000 	C:\WINDOWS\SYSTEM32\dbgcore.DLL
0x00007ff83c920000 - 0x00007ff83c99b000 	C:\WINDOWS\System32\bcryptPrimitives.dll
0x00007ff838f20000 - 0x00007ff838f49000 	C:\Program Files\Android\Android Studio\jre\bin\java.dll
0x00007ff838f10000 - 0x00007ff838f1b000 	C:\Program Files\Android\Android Studio\jre\bin\jimage.dll
0x00007ff838ef0000 - 0x00007ff838f08000 	C:\Program Files\Android\Android Studio\jre\bin\zip.dll
0x00007ff83dc30000 - 0x00007ff83e410000 	C:\WINDOWS\System32\SHELL32.dll
0x00007ff83a3b0000 - 0x00007ff83ac75000 	C:\WINDOWS\SYSTEM32\windows.storage.dll
0x00007ff83a270000 - 0x00007ff83a3ae000 	C:\WINDOWS\SYSTEM32\wintypes.dll
0x00007ff83eb20000 - 0x00007ff83ec11000 	C:\WINDOWS\System32\SHCORE.dll
0x00007ff83cd90000 - 0x00007ff83cdee000 	C:\WINDOWS\System32\shlwapi.dll
0x00007ff83c2f0000 - 0x00007ff83c311000 	C:\WINDOWS\SYSTEM32\profapi.dll
0x00007ff838ed0000 - 0x00007ff838eea000 	C:\Program Files\Android\Android Studio\jre\bin\net.dll
0x00007ff8369d0000 - 0x00007ff836aff000 	C:\WINDOWS\SYSTEM32\WINHTTP.dll
0x00007ff83b840000 - 0x00007ff83b8a9000 	C:\WINDOWS\system32\mswsock.dll
0x00007ff838eb0000 - 0x00007ff838ec4000 	C:\Program Files\Android\Android Studio\jre\bin\nio.dll
0x00007ff82e2b0000 - 0x00007ff82e2d7000 	C:\Users\danny\.gradle\native\e1d6ef7f7dcc3fd88c89a11ec53ec762bb8ba0a96d01ffa2cd45eb1d1d8dd5c5\windows-amd64\native-platform.dll
0x00007ff800d60000 - 0x00007ff800ea4000 	C:\Users\danny\.gradle\native\0d407fdbe67a94daf76414ababcb853783967236a71b16ec16e742cd7a986fd3\windows-amd64\native-platform-file-events.dll
0x00007ff838ea0000 - 0x00007ff838eaa000 	C:\Program Files\Android\Android Studio\jre\bin\management.dll
0x00007ff838e90000 - 0x00007ff838e9d000 	C:\Program Files\Android\Android Studio\jre\bin\management_ext.dll
0x00007ff83bbc0000 - 0x00007ff83bbdb000 	C:\WINDOWS\SYSTEM32\CRYPTSP.dll
0x00007ff83b360000 - 0x00007ff83b395000 	C:\WINDOWS\system32\rsaenh.dll
0x00007ff83b8e0000 - 0x00007ff83b908000 	C:\WINDOWS\SYSTEM32\USERENV.dll
0x00007ff83bd00000 - 0x00007ff83bd28000 	C:\WINDOWS\SYSTEM32\bcrypt.dll
0x00007ff83bb30000 - 0x00007ff83bb3c000 	C:\WINDOWS\SYSTEM32\CRYPTBASE.dll
0x00007ff83aed0000 - 0x00007ff83aefd000 	C:\WINDOWS\SYSTEM32\IPHLPAPI.DLL
0x00007ff83eb10000 - 0x00007ff83eb19000 	C:\WINDOWS\System32\NSI.dll
0x00007ff836c10000 - 0x00007ff836c29000 	C:\WINDOWS\SYSTEM32\dhcpcsvc6.DLL
0x00007ff8368d0000 - 0x00007ff8368ef000 	C:\WINDOWS\SYSTEM32\dhcpcsvc.DLL
0x00007ff83af90000 - 0x00007ff83b082000 	C:\WINDOWS\SYSTEM32\DNSAPI.dll

dbghelp: loaded successfully - version: 4.0.5 - missing functions: none
symbol engine: initialized successfully - sym options: 0x614 - pdb path: .;C:\Program Files\Android\Android Studio\jre\bin;C:\WINDOWS\SYSTEM32;C:\WINDOWS\WinSxS\amd64_microsoft.windows.common-controls_6595b64144ccf1df_6.0.22621.608_none_a9444ca7c10bb01d;C:\Program Files\Android\Android Studio\jre\bin\server;C:\Users\danny\.gradle\native\e1d6ef7f7dcc3fd88c89a11ec53ec762bb8ba0a96d01ffa2cd45eb1d1d8dd5c5\windows-amd64;C:\Users\danny\.gradle\native\0d407fdbe67a94daf76414ababcb853783967236a71b16ec16e742cd7a986fd3\windows-amd64

VM Arguments:
jvm_args: --add-opens=java.base/java.util=ALL-UNNAMED --add-opens=java.base/java.lang=ALL-UNNAMED --add-opens=java.base/java.lang.invoke=ALL-UNNAMED --add-opens=java.base/java.util=ALL-UNNAMED --add-opens=java.prefs/java.util.prefs=ALL-UNNAMED --add-opens=java.prefs/java.util.prefs=ALL-UNNAMED --add-opens=java.base/java.nio.charset=ALL-UNNAMED --add-opens=java.base/java.net=ALL-UNNAMED --add-opens=java.base/java.util.concurrent.atomic=ALL-UNNAMED -Xmx2048m -Dfile.encoding=UTF-8 -Duser.country=PE -Duser.language=es -Duser.variant 
java_command: org.gradle.launcher.daemon.bootstrap.GradleDaemon 7.4
java_class_path (initial): C:\Users\danny\.gradle\wrapper\dists\gradle-7.4-bin\c0gwcg53nkjbqw7r0h0umtfvt\gradle-7.4\lib\gradle-launcher-7.4.jar
Launcher Type: SUN_STANDARD

[Global flags]
     intx CICompilerCount                          = 4                                         {product} {ergonomic}
     uint ConcGCThreads                            = 3                                         {product} {ergonomic}
     uint G1ConcRefinementThreads                  = 10                                        {product} {ergonomic}
   size_t G1HeapRegionSize                         = 1048576                                   {product} {ergonomic}
    uintx GCDrainStackTargetSize                   = 64                                        {product} {ergonomic}
   size_t InitialHeapSize                          = 257949696                                 {product} {ergonomic}
   size_t MarkStackSize                            = 4194304                                   {product} {ergonomic}
   size_t MaxHeapSize                              = 2147483648                                {product} {command line}
   size_t MaxNewSize                               = 1287651328                                {product} {ergonomic}
   size_t MinHeapDeltaBytes                        = 1048576                                   {product} {ergonomic}
    uintx NonNMethodCodeHeapSize                   = 5836300                                {pd product} {ergonomic}
    uintx NonProfiledCodeHeapSize                  = 122910970                              {pd product} {ergonomic}
    uintx ProfiledCodeHeapSize                     = 122910970                              {pd product} {ergonomic}
    uintx ReservedCodeCacheSize                    = 251658240                              {pd product} {ergonomic}
     bool SegmentedCodeCache                       = true                                      {product} {ergonomic}
     bool UseCompressedClassPointers               = true                                 {lp64_product} {ergonomic}
     bool UseCompressedOops                        = true                                 {lp64_product} {ergonomic}
     bool UseG1GC                                  = true                                      {product} {ergonomic}
     bool UseLargePagesIndividualAllocation        = false                                  {pd product} {ergonomic}

Logging:
Log output configuration:
 #0: stdout all=warning uptime,level,tags
 #1: stderr all=off uptime,level,tags

Environment Variables:
PATH=C:\WINDOWS\system32;C:\WINDOWS;C:\WINDOWS\System32\Wbem;C:\WINDOWS\System32\WindowsPowerShell\v1.0\;C:\WINDOWS\System32\OpenSSH\;C:\xampp\php;C:\Program Files\Git\cmd;C:\Program Files\dotnet\;C:\Program Files\MySQL\MySQL Shell 8.0\bin\;C:\Users\danny\AppData\Local\Microsoft\WindowsApps;C:\Users\danny\AppData\Local\Programs\Microsoft VS Code\bin;C:\Users\danny\AppData\Local\GitHubDesktop\bin;C:\Users\danny\.dotnet\tools
USERNAME=Danny Boy
OS=Windows_NT
PROCESSOR_IDENTIFIER=AMD64 Family 25 Model 80 Stepping 0, AuthenticAMD



---------------  S Y S T E M  ---------------

OS: Windows 11 , 64 bit Build 22621 (10.0.22621.755)
OS uptime: 0 days 2:30 hours
Hyper-V role detected

CPU:total 12 (initial active 12) (12 cores per cpu, 2 threads per core) family 25 model 80 stepping 0 microcode 0x0, cmov, cx8, fxsr, mmx, sse, sse2, sse3, ssse3, sse4.1, sse4.2, popcnt, avx, avx2, aes, clmul, erms, mmxext, 3dnowpref, lzcnt, sse4a, ht, tsc, tscinvbit, tscinv, bmi1, bmi2, adx, sha, fma

Memory: 4k page, system-wide physical 15743M (6356M free)
TotalPageFile size 46106M (AvailPageFile size 37M)
current process WorkingSet (physical memory assigned to process): 291M, peak: 291M
current process commit charge ("private bytes"): 442M, peak: 443M

vm_info: OpenJDK 64-Bit Server VM (11.0.13+0-b1751.21-8125866) for windows-amd64 JRE (11.0.13+0-b1751.21-8125866), built on Feb  2 2022 03:00:22 by "builder" with MS VC++ 14.0 (VS2015)

END.
